<?xml version="1.0" encoding="UTF-8"?>
<!-- Generated by org.testng.reporters.JUnitReportReporter -->
<testsuite skipped="0" hostname="DESKTOP-CSB55GA" name="BDD.ApiFramework.AppTest" tests="1" failures="0" timestamp="2021-03-07T18:20:20 IST" time="0.031" errors="0">
  <testcase name="testApp" time="0.031" classname="BDD.ApiFramework.AppTest"/>
  <system-out/>
</testsuite> <!-- BDD.ApiFramework.AppTest -->
